2023-04-11 12:19:43,586 INFO org.springframework.boot.StartupInfoLogger [restartedMain] Starting ChampLolApi21Application using Java 11.0.10 on TrasWan with PID 29356 (C:\Users\PcCom1\eclipse-workspace\champLolAPI2-1\target\classes started by TrasWan in C:\Users\PcCom1\eclipse-workspace\champLolAPI2-1)
2023-04-11 12:19:43,597 INFO org.springframework.boot.SpringApplication [restartedMain] No active profile set, falling back to 1 default profile: "default"
2023-04-11 12:19:43,653 INFO org.springframework.boot.logging.DeferredLog [restartedMain] Devtools property defaults active! Set 'spring.devtools.add-properties' to 'false' to disable
2023-04-11 12:19:43,654 INFO org.springframework.boot.logging.DeferredLog [restartedMain] For additional web related logging consider setting the 'logging.level.web' property to 'DEBUG'
2023-04-11 12:19:45,394 INFO org.springframework.data.repository.config.RepositoryConfigurationDelegate [restartedMain] Multiple Spring Data modules found, entering strict repository configuration mode
2023-04-11 12:19:45,396 INFO org.springframework.data.repository.config.RepositoryConfigurationDelegate [restartedMain] Bootstrapping Spring Data JDBC repositories in DEFAULT mode.
2023-04-11 12:19:45,459 INFO org.springframework.data.repository.config.RepositoryConfigurationExtensionSupport [restartedMain] Spring Data JDBC - Could not safely identify store assignment for repository candidate interface com.tomassamper.apilol.repository.ChampionRepository; If you want this repository to be a JDBC repository, consider annotating your entities with one of these annotations: org.springframework.data.relational.core.mapping.Table.
2023-04-11 12:19:45,462 INFO org.springframework.data.repository.config.RepositoryConfigurationExtensionSupport [restartedMain] Spring Data JDBC - Could not safely identify store assignment for repository candidate interface com.tomassamper.apilol.repository.CountryRepository; If you want this repository to be a JDBC repository, consider annotating your entities with one of these annotations: org.springframework.data.relational.core.mapping.Table.
2023-04-11 12:19:45,465 INFO org.springframework.data.repository.config.RepositoryConfigurationExtensionSupport [restartedMain] Spring Data JDBC - Could not safely identify store assignment for repository candidate interface com.tomassamper.apilol.repository.LeagueRepository; If you want this repository to be a JDBC repository, consider annotating your entities with one of these annotations: org.springframework.data.relational.core.mapping.Table.
2023-04-11 12:19:45,467 INFO org.springframework.data.repository.config.RepositoryConfigurationExtensionSupport [restartedMain] Spring Data JDBC - Could not safely identify store assignment for repository candidate interface com.tomassamper.apilol.repository.PlayerRepository; If you want this repository to be a JDBC repository, consider annotating your entities with one of these annotations: org.springframework.data.relational.core.mapping.Table.
2023-04-11 12:19:45,469 INFO org.springframework.data.repository.config.RepositoryConfigurationExtensionSupport [restartedMain] Spring Data JDBC - Could not safely identify store assignment for repository candidate interface com.tomassamper.apilol.repository.RoleRepository; If you want this repository to be a JDBC repository, consider annotating your entities with one of these annotations: org.springframework.data.relational.core.mapping.Table.
2023-04-11 12:19:45,472 INFO org.springframework.data.repository.config.RepositoryConfigurationExtensionSupport [restartedMain] Spring Data JDBC - Could not safely identify store assignment for repository candidate interface com.tomassamper.apilol.repository.TeamRepository; If you want this repository to be a JDBC repository, consider annotating your entities with one of these annotations: org.springframework.data.relational.core.mapping.Table.
2023-04-11 12:19:45,474 INFO org.springframework.data.repository.config.RepositoryConfigurationExtensionSupport [restartedMain] Spring Data JDBC - Could not safely identify store assignment for repository candidate interface com.tomassamper.apilol.repository.UserRepository; If you want this repository to be a JDBC repository, consider annotating your entities with one of these annotations: org.springframework.data.relational.core.mapping.Table.
2023-04-11 12:19:45,475 INFO org.springframework.data.repository.config.RepositoryConfigurationDelegate [restartedMain] Finished Spring Data repository scanning in 73 ms. Found 0 JDBC repository interfaces.
2023-04-11 12:19:45,486 INFO org.springframework.data.repository.config.RepositoryConfigurationDelegate [restartedMain] Multiple Spring Data modules found, entering strict repository configuration mode
2023-04-11 12:19:45,487 INFO org.springframework.data.repository.config.RepositoryConfigurationDelegate [restartedMain] Bootstrapping Spring Data JPA repositories in DEFAULT mode.
2023-04-11 12:19:45,596 INFO org.springframework.data.repository.config.RepositoryConfigurationDelegate [restartedMain] Finished Spring Data repository scanning in 102 ms. Found 7 JPA repository interfaces.
2023-04-11 12:19:46,437 INFO org.springframework.boot.web.embedded.tomcat.TomcatWebServer [restartedMain] Tomcat initialized with port(s): 8080 (http)
2023-04-11 12:19:46,451 INFO org.apache.juli.logging.DirectJDKLog [restartedMain] Initializing ProtocolHandler ["http-nio-8080"]
2023-04-11 12:19:46,452 INFO org.apache.juli.logging.DirectJDKLog [restartedMain] Starting service [Tomcat]
2023-04-11 12:19:46,453 INFO org.apache.juli.logging.DirectJDKLog [restartedMain] Starting Servlet engine: [Apache Tomcat/9.0.68]
2023-04-11 12:19:46,677 INFO org.apache.juli.logging.DirectJDKLog [restartedMain] Initializing Spring embedded WebApplicationContext
2023-04-11 12:19:46,677 INFO org.springframework.boot.web.servlet.context.ServletWebServerApplicationContext [restartedMain] Root WebApplicationContext: initialization completed in 3022 ms
2023-04-11 12:19:47,259 INFO org.hibernate.jpa.internal.util.LogHelper [restartedMain] HHH000204: Processing PersistenceUnitInfo [name: default]
2023-04-11 12:19:47,366 INFO org.hibernate.Version [restartedMain] HHH000412: Hibernate ORM core version 5.6.12.Final
2023-04-11 12:19:47,649 INFO org.hibernate.annotations.common.reflection.java.JavaReflectionManager [restartedMain] HCANN000001: Hibernate Commons Annotations {5.1.2.Final}
2023-04-11 12:19:47,835 INFO com.zaxxer.hikari.HikariDataSource [restartedMain] HikariPool-1 - Starting...
2023-04-11 12:19:48,236 INFO com.zaxxer.hikari.HikariDataSource [restartedMain] HikariPool-1 - Start completed.
2023-04-11 12:19:48,263 INFO org.hibernate.dialect.Dialect [restartedMain] HHH000400: Using dialect: org.hibernate.dialect.MySQL8Dialect
2023-04-11 12:19:49,353 INFO org.hibernate.engine.transaction.jta.platform.internal.JtaPlatformInitiator [restartedMain] HHH000490: Using JtaPlatform implementation: [org.hibernate.engine.transaction.jta.platform.internal.NoJtaPlatform]
2023-04-11 12:19:49,367 INFO org.springframework.orm.jpa.AbstractEntityManagerFactoryBean [restartedMain] Initialized JPA EntityManagerFactory for persistence unit 'default'
2023-04-11 12:19:50,003 WARN org.springframework.boot.autoconfigure.orm.jpa.JpaBaseConfiguration$JpaWebConfiguration [restartedMain] spring.jpa.open-in-view is enabled by default. Therefore, database queries may be performed during view rendering. Explicitly configure spring.jpa.open-in-view to disable this warning
2023-04-11 12:19:51,070 INFO org.springframework.boot.actuate.endpoint.web.EndpointLinksResolver [restartedMain] Exposing 1 endpoint(s) beneath base path '/actuator'
2023-04-11 12:19:51,083 INFO org.springframework.security.web.DefaultSecurityFilterChain [restartedMain] Will secure any request with [org.springframework.security.web.context.request.async.WebAsyncManagerIntegrationFilter@35e42da9, org.springframework.security.web.context.SecurityContextPersistenceFilter@24fd2f81, org.springframework.security.web.header.HeaderWriterFilter@123c5e2, org.springframework.web.filter.CorsFilter@7b8530dc, org.springframework.security.web.authentication.logout.LogoutFilter@9b7370d, com.tomassamper.apilol.security.JwtRequestFilter@51ddf924, org.springframework.security.web.savedrequest.RequestCacheAwareFilter@3534d48f, org.springframework.security.web.servletapi.SecurityContextHolderAwareRequestFilter@75e68703, org.springframework.security.web.authentication.AnonymousAuthenticationFilter@49bae358, org.springframework.security.web.session.SessionManagementFilter@29d5aeea, org.springframework.security.web.access.ExceptionTranslationFilter@261a3ec1, org.springframework.security.web.access.intercept.FilterSecurityInterceptor@236726b4]
2023-04-11 12:19:51,632 INFO org.springframework.boot.devtools.autoconfigure.OptionalLiveReloadServer [restartedMain] LiveReload server is running on port 35729
2023-04-11 12:19:51,664 INFO org.apache.juli.logging.DirectJDKLog [restartedMain] Starting ProtocolHandler ["http-nio-8080"]
2023-04-11 12:19:51,705 INFO org.springframework.boot.web.embedded.tomcat.TomcatWebServer [restartedMain] Tomcat started on port(s): 8080 (http) with context path ''
2023-04-11 12:19:51,729 INFO org.springframework.boot.StartupInfoLogger [restartedMain] Started ChampLolApi21Application in 9.841 seconds (JVM running for 12.983)
2023-04-11 12:19:57,433 INFO org.apache.juli.logging.DirectJDKLog [http-nio-8080-exec-1] Initializing Spring DispatcherServlet 'dispatcherServlet'
2023-04-11 12:19:57,434 INFO org.springframework.web.servlet.FrameworkServlet [http-nio-8080-exec-1] Initializing Servlet 'dispatcherServlet'
2023-04-11 12:19:57,437 INFO org.springframework.web.servlet.FrameworkServlet [http-nio-8080-exec-1] Completed initialization in 2 ms
2023-04-11 12:19:57,489 WARN com.tomassamper.apilol.security.JwtRequestFilter [http-nio-8080-exec-2] El token no viene con Bearer delante
2023-04-11 12:19:57,585 INFO com.tomassamper.apilol.controller.UserController [http-nio-8080-exec-2] Inicio sesion
2023-04-11 12:55:58,913 WARN com.tomassamper.apilol.security.JwtRequestFilter [http-nio-8080-exec-8] El token no viene con Bearer delante
2023-04-11 12:55:58,915 INFO com.tomassamper.apilol.controller.UserController [http-nio-8080-exec-8] Inicio sesion
2023-04-11 18:12:33,744 ERROR com.tomassamper.apilol.security.JwtRequestFilter [http-nio-8080-exec-7] El token ha expirado
2023-04-11 18:13:43,152 ERROR com.tomassamper.apilol.security.JwtRequestFilter [http-nio-8080-exec-10] El token ha expirado
2023-04-11 18:13:43,158 ERROR com.tomassamper.apilol.security.JwtRequestFilter [http-nio-8080-exec-9] El token ha expirado
2023-04-11 18:13:43,993 ERROR com.tomassamper.apilol.security.JwtRequestFilter [http-nio-8080-exec-2] El token ha expirado
2023-04-11 18:13:43,999 ERROR com.tomassamper.apilol.security.JwtRequestFilter [http-nio-8080-exec-1] El token ha expirado
2023-04-11 18:13:48,140 ERROR com.tomassamper.apilol.security.JwtRequestFilter [http-nio-8080-exec-3] El token ha expirado
2023-04-11 18:13:48,145 ERROR com.tomassamper.apilol.security.JwtRequestFilter [http-nio-8080-exec-4] El token ha expirado
2023-04-11 18:13:52,544 ERROR com.tomassamper.apilol.security.JwtRequestFilter [http-nio-8080-exec-6] El token ha expirado
2023-04-11 18:13:58,655 WARN com.tomassamper.apilol.security.JwtRequestFilter [http-nio-8080-exec-8] El token no viene con Bearer delante
2023-04-11 18:13:58,661 INFO com.tomassamper.apilol.controller.UserController [http-nio-8080-exec-8] Inicio sesion
2023-04-11 23:13:58,011 ERROR com.tomassamper.apilol.security.JwtRequestFilter [http-nio-8080-exec-2] El token ha expirado
