2023-03-21 19:16:09,509 INFO org.springframework.boot.StartupInfoLogger [restartedMain] Starting ChampLolApi21Application using Java 11.0.10 on TrasWan with PID 3828 (C:\Users\PcCom1\eclipse-workspace\champLolAPI2-1\target\classes started by TrasWan in C:\Users\PcCom1\eclipse-workspace\champLolAPI2-1)
2023-03-21 19:16:09,515 INFO org.springframework.boot.SpringApplication [restartedMain] No active profile set, falling back to 1 default profile: "default"
2023-03-21 19:16:09,580 INFO org.springframework.boot.logging.DeferredLog [restartedMain] Devtools property defaults active! Set 'spring.devtools.add-properties' to 'false' to disable
2023-03-21 19:16:09,581 INFO org.springframework.boot.logging.DeferredLog [restartedMain] For additional web related logging consider setting the 'logging.level.web' property to 'DEBUG'
2023-03-21 19:16:11,046 INFO org.springframework.data.repository.config.RepositoryConfigurationDelegate [restartedMain] Multiple Spring Data modules found, entering strict repository configuration mode
2023-03-21 19:16:11,048 INFO org.springframework.data.repository.config.RepositoryConfigurationDelegate [restartedMain] Bootstrapping Spring Data JDBC repositories in DEFAULT mode.
2023-03-21 19:16:11,105 INFO org.springframework.data.repository.config.RepositoryConfigurationExtensionSupport [restartedMain] Spring Data JDBC - Could not safely identify store assignment for repository candidate interface com.tomassamper.apilol.repository.ChampionRepository; If you want this repository to be a JDBC repository, consider annotating your entities with one of these annotations: org.springframework.data.relational.core.mapping.Table.
2023-03-21 19:16:11,108 INFO org.springframework.data.repository.config.RepositoryConfigurationExtensionSupport [restartedMain] Spring Data JDBC - Could not safely identify store assignment for repository candidate interface com.tomassamper.apilol.repository.CountryRepository; If you want this repository to be a JDBC repository, consider annotating your entities with one of these annotations: org.springframework.data.relational.core.mapping.Table.
2023-03-21 19:16:11,111 INFO org.springframework.data.repository.config.RepositoryConfigurationExtensionSupport [restartedMain] Spring Data JDBC - Could not safely identify store assignment for repository candidate interface com.tomassamper.apilol.repository.PlayerRepository; If you want this repository to be a JDBC repository, consider annotating your entities with one of these annotations: org.springframework.data.relational.core.mapping.Table.
2023-03-21 19:16:11,114 INFO org.springframework.data.repository.config.RepositoryConfigurationExtensionSupport [restartedMain] Spring Data JDBC - Could not safely identify store assignment for repository candidate interface com.tomassamper.apilol.repository.TeamRepository; If you want this repository to be a JDBC repository, consider annotating your entities with one of these annotations: org.springframework.data.relational.core.mapping.Table.
2023-03-21 19:16:11,117 INFO org.springframework.data.repository.config.RepositoryConfigurationExtensionSupport [restartedMain] Spring Data JDBC - Could not safely identify store assignment for repository candidate interface com.tomassamper.apilol.repository.UserRepository; If you want this repository to be a JDBC repository, consider annotating your entities with one of these annotations: org.springframework.data.relational.core.mapping.Table.
2023-03-21 19:16:11,118 INFO org.springframework.data.repository.config.RepositoryConfigurationDelegate [restartedMain] Finished Spring Data repository scanning in 63 ms. Found 0 JDBC repository interfaces.
2023-03-21 19:16:11,132 INFO org.springframework.data.repository.config.RepositoryConfigurationDelegate [restartedMain] Multiple Spring Data modules found, entering strict repository configuration mode
2023-03-21 19:16:11,134 INFO org.springframework.data.repository.config.RepositoryConfigurationDelegate [restartedMain] Bootstrapping Spring Data JPA repositories in DEFAULT mode.
2023-03-21 19:16:11,222 INFO org.springframework.data.repository.config.RepositoryConfigurationDelegate [restartedMain] Finished Spring Data repository scanning in 81 ms. Found 5 JPA repository interfaces.
2023-03-21 19:16:12,192 INFO org.springframework.boot.web.embedded.tomcat.TomcatWebServer [restartedMain] Tomcat initialized with port(s): 8080 (http)
2023-03-21 19:16:12,209 INFO org.apache.juli.logging.DirectJDKLog [restartedMain] Initializing ProtocolHandler ["http-nio-8080"]
2023-03-21 19:16:12,210 INFO org.apache.juli.logging.DirectJDKLog [restartedMain] Starting service [Tomcat]
2023-03-21 19:16:12,210 INFO org.apache.juli.logging.DirectJDKLog [restartedMain] Starting Servlet engine: [Apache Tomcat/9.0.71]
2023-03-21 19:16:12,476 INFO org.apache.juli.logging.DirectJDKLog [restartedMain] Initializing Spring embedded WebApplicationContext
2023-03-21 19:16:12,476 INFO org.springframework.boot.web.servlet.context.ServletWebServerApplicationContext [restartedMain] Root WebApplicationContext: initialization completed in 2894 ms
2023-03-21 19:16:12,930 INFO org.hibernate.jpa.internal.util.LogHelper [restartedMain] HHH000204: Processing PersistenceUnitInfo [name: default]
2023-03-21 19:16:13,025 INFO org.hibernate.Version [restartedMain] HHH000412: Hibernate ORM core version 5.6.15.Final
2023-03-21 19:16:13,308 INFO org.hibernate.annotations.common.reflection.java.JavaReflectionManager [restartedMain] HCANN000001: Hibernate Commons Annotations {5.1.2.Final}
2023-03-21 19:16:13,475 INFO com.zaxxer.hikari.HikariDataSource [restartedMain] HikariPool-1 - Starting...
2023-03-21 19:16:13,827 INFO com.zaxxer.hikari.HikariDataSource [restartedMain] HikariPool-1 - Start completed.
2023-03-21 19:16:13,857 INFO org.hibernate.dialect.Dialect [restartedMain] HHH000400: Using dialect: org.hibernate.dialect.MySQL8Dialect
2023-03-21 19:16:15,409 INFO org.hibernate.engine.transaction.jta.platform.internal.JtaPlatformInitiator [restartedMain] HHH000490: Using JtaPlatform implementation: [org.hibernate.engine.transaction.jta.platform.internal.NoJtaPlatform]
2023-03-21 19:16:15,424 INFO org.springframework.orm.jpa.AbstractEntityManagerFactoryBean [restartedMain] Initialized JPA EntityManagerFactory for persistence unit 'default'
2023-03-21 19:16:15,932 WARN org.springframework.boot.autoconfigure.orm.jpa.JpaBaseConfiguration$JpaWebConfiguration [restartedMain] spring.jpa.open-in-view is enabled by default. Therefore, database queries may be performed during view rendering. Explicitly configure spring.jpa.open-in-view to disable this warning
2023-03-21 19:16:16,328 WARN org.springframework.boot.autoconfigure.thymeleaf.ThymeleafAutoConfiguration$DefaultTemplateResolverConfiguration [restartedMain] Cannot find template location: classpath:/templates/ (please add some templates, check your Thymeleaf configuration, or set spring.thymeleaf.check-template-location=false)
2023-03-21 19:16:16,872 INFO org.springframework.boot.devtools.autoconfigure.OptionalLiveReloadServer [restartedMain] LiveReload server is running on port 35729
2023-03-21 19:16:16,877 INFO org.springframework.boot.actuate.endpoint.web.EndpointLinksResolver [restartedMain] Exposing 1 endpoint(s) beneath base path '/actuator'
2023-03-21 19:16:16,916 INFO org.apache.juli.logging.DirectJDKLog [restartedMain] Starting ProtocolHandler ["http-nio-8080"]
2023-03-21 19:16:16,957 INFO org.springframework.boot.web.embedded.tomcat.TomcatWebServer [restartedMain] Tomcat started on port(s): 8080 (http) with context path ''
2023-03-21 19:16:16,980 INFO org.springframework.boot.StartupInfoLogger [restartedMain] Started ChampLolApi21Application in 8.17 seconds (JVM running for 9.892)
2023-03-21 19:40:26,031 INFO org.apache.juli.logging.DirectJDKLog [http-nio-8080-exec-1] Initializing Spring DispatcherServlet 'dispatcherServlet'
2023-03-21 19:40:26,033 INFO org.springframework.web.servlet.FrameworkServlet [http-nio-8080-exec-1] Initializing Servlet 'dispatcherServlet'
2023-03-21 19:40:26,034 INFO org.springframework.web.servlet.FrameworkServlet [http-nio-8080-exec-1] Completed initialization in 1 ms
2023-03-21 19:57:42,775 INFO org.springframework.boot.admin.SpringApplicationAdminMXBeanRegistrar$SpringApplicationAdmin [RMI TCP Connection(45)-127.0.0.1] Application shutdown requested.
2023-03-21 19:57:42,892 INFO org.apache.juli.logging.DirectJDKLog [RMI TCP Connection(45)-127.0.0.1] Pausing ProtocolHandler ["http-nio-8080"]
2023-03-21 19:57:42,893 INFO org.apache.juli.logging.DirectJDKLog [RMI TCP Connection(45)-127.0.0.1] Stopping service [Tomcat]
2023-03-21 19:57:42,895 INFO org.apache.juli.logging.DirectJDKLog [RMI TCP Connection(45)-127.0.0.1] Destroying Spring FrameworkServlet 'dispatcherServlet'
2023-03-21 19:57:42,902 INFO org.apache.juli.logging.DirectJDKLog [RMI TCP Connection(45)-127.0.0.1] Stopping ProtocolHandler ["http-nio-8080"]
2023-03-21 19:57:42,905 INFO org.apache.juli.logging.DirectJDKLog [RMI TCP Connection(45)-127.0.0.1] Destroying ProtocolHandler ["http-nio-8080"]
2023-03-21 19:57:42,913 INFO org.springframework.orm.jpa.AbstractEntityManagerFactoryBean [RMI TCP Connection(45)-127.0.0.1] Closing JPA EntityManagerFactory for persistence unit 'default'
2023-03-21 19:57:42,921 INFO com.zaxxer.hikari.HikariDataSource [RMI TCP Connection(45)-127.0.0.1] HikariPool-1 - Shutdown initiated...
2023-03-21 19:57:42,932 INFO com.zaxxer.hikari.HikariDataSource [RMI TCP Connection(45)-127.0.0.1] HikariPool-1 - Shutdown completed.
