2023-04-21 10:39:50,213 INFO org.springframework.boot.StartupInfoLogger [restartedMain] Starting ChampLolApi21Application using Java 11.0.10 on TrasWan with PID 34240 (C:\Users\PcCom1\eclipse-workspace\champLolAPI2-1\target\classes started by TrasWan in C:\Users\PcCom1\eclipse-workspace\champLolAPI2-1)
2023-04-21 10:39:50,218 INFO org.springframework.boot.SpringApplication [restartedMain] No active profile set, falling back to 1 default profile: "default"
2023-04-21 10:39:50,274 INFO org.springframework.boot.logging.DeferredLog [restartedMain] Devtools property defaults active! Set 'spring.devtools.add-properties' to 'false' to disable
2023-04-21 10:39:50,275 INFO org.springframework.boot.logging.DeferredLog [restartedMain] For additional web related logging consider setting the 'logging.level.web' property to 'DEBUG'
2023-04-21 10:39:52,983 INFO org.springframework.data.repository.config.RepositoryConfigurationDelegate [restartedMain] Multiple Spring Data modules found, entering strict repository configuration mode
2023-04-21 10:39:52,986 INFO org.springframework.data.repository.config.RepositoryConfigurationDelegate [restartedMain] Bootstrapping Spring Data JDBC repositories in DEFAULT mode.
2023-04-21 10:39:53,087 INFO org.springframework.data.repository.config.RepositoryConfigurationExtensionSupport [restartedMain] Spring Data JDBC - Could not safely identify store assignment for repository candidate interface com.tomassamper.apilol.repository.ChampionRepository; If you want this repository to be a JDBC repository, consider annotating your entities with one of these annotations: org.springframework.data.relational.core.mapping.Table.
2023-04-21 10:39:53,092 INFO org.springframework.data.repository.config.RepositoryConfigurationExtensionSupport [restartedMain] Spring Data JDBC - Could not safely identify store assignment for repository candidate interface com.tomassamper.apilol.repository.CountryRepository; If you want this repository to be a JDBC repository, consider annotating your entities with one of these annotations: org.springframework.data.relational.core.mapping.Table.
2023-04-21 10:39:53,095 INFO org.springframework.data.repository.config.RepositoryConfigurationExtensionSupport [restartedMain] Spring Data JDBC - Could not safely identify store assignment for repository candidate interface com.tomassamper.apilol.repository.LeagueRepository; If you want this repository to be a JDBC repository, consider annotating your entities with one of these annotations: org.springframework.data.relational.core.mapping.Table.
2023-04-21 10:39:53,098 INFO org.springframework.data.repository.config.RepositoryConfigurationExtensionSupport [restartedMain] Spring Data JDBC - Could not safely identify store assignment for repository candidate interface com.tomassamper.apilol.repository.LeagueUserRepository; If you want this repository to be a JDBC repository, consider annotating your entities with one of these annotations: org.springframework.data.relational.core.mapping.Table.
2023-04-21 10:39:53,101 INFO org.springframework.data.repository.config.RepositoryConfigurationExtensionSupport [restartedMain] Spring Data JDBC - Could not safely identify store assignment for repository candidate interface com.tomassamper.apilol.repository.PlayerLeagueRepository; If you want this repository to be a JDBC repository, consider annotating your entities with one of these annotations: org.springframework.data.relational.core.mapping.Table.
2023-04-21 10:39:53,104 INFO org.springframework.data.repository.config.RepositoryConfigurationExtensionSupport [restartedMain] Spring Data JDBC - Could not safely identify store assignment for repository candidate interface com.tomassamper.apilol.repository.PlayerRepository; If you want this repository to be a JDBC repository, consider annotating your entities with one of these annotations: org.springframework.data.relational.core.mapping.Table.
2023-04-21 10:39:53,106 INFO org.springframework.data.repository.config.RepositoryConfigurationExtensionSupport [restartedMain] Spring Data JDBC - Could not safely identify store assignment for repository candidate interface com.tomassamper.apilol.repository.RoleRepository; If you want this repository to be a JDBC repository, consider annotating your entities with one of these annotations: org.springframework.data.relational.core.mapping.Table.
2023-04-21 10:39:53,109 INFO org.springframework.data.repository.config.RepositoryConfigurationExtensionSupport [restartedMain] Spring Data JDBC - Could not safely identify store assignment for repository candidate interface com.tomassamper.apilol.repository.TeamRepository; If you want this repository to be a JDBC repository, consider annotating your entities with one of these annotations: org.springframework.data.relational.core.mapping.Table.
2023-04-21 10:39:53,113 INFO org.springframework.data.repository.config.RepositoryConfigurationExtensionSupport [restartedMain] Spring Data JDBC - Could not safely identify store assignment for repository candidate interface com.tomassamper.apilol.repository.UserRepository; If you want this repository to be a JDBC repository, consider annotating your entities with one of these annotations: org.springframework.data.relational.core.mapping.Table.
2023-04-21 10:39:53,114 INFO org.springframework.data.repository.config.RepositoryConfigurationDelegate [restartedMain] Finished Spring Data repository scanning in 122 ms. Found 0 JDBC repository interfaces.
2023-04-21 10:39:53,126 INFO org.springframework.data.repository.config.RepositoryConfigurationDelegate [restartedMain] Multiple Spring Data modules found, entering strict repository configuration mode
2023-04-21 10:39:53,127 INFO org.springframework.data.repository.config.RepositoryConfigurationDelegate [restartedMain] Bootstrapping Spring Data JPA repositories in DEFAULT mode.
2023-04-21 10:39:53,247 INFO org.springframework.data.repository.config.RepositoryConfigurationDelegate [restartedMain] Finished Spring Data repository scanning in 113 ms. Found 9 JPA repository interfaces.
2023-04-21 10:39:55,123 INFO org.springframework.boot.web.embedded.tomcat.TomcatWebServer [restartedMain] Tomcat initialized with port(s): 8080 (http)
2023-04-21 10:39:55,164 INFO org.apache.juli.logging.DirectJDKLog [restartedMain] Initializing ProtocolHandler ["http-nio-8080"]
2023-04-21 10:39:55,165 INFO org.apache.juli.logging.DirectJDKLog [restartedMain] Starting service [Tomcat]
2023-04-21 10:39:55,165 INFO org.apache.juli.logging.DirectJDKLog [restartedMain] Starting Servlet engine: [Apache Tomcat/9.0.68]
2023-04-21 10:39:55,487 INFO org.apache.juli.logging.DirectJDKLog [restartedMain] Initializing Spring embedded WebApplicationContext
2023-04-21 10:39:55,487 INFO org.springframework.boot.web.servlet.context.ServletWebServerApplicationContext [restartedMain] Root WebApplicationContext: initialization completed in 5211 ms
2023-04-21 10:39:55,962 INFO org.hibernate.jpa.internal.util.LogHelper [restartedMain] HHH000204: Processing PersistenceUnitInfo [name: default]
2023-04-21 10:39:56,047 INFO org.hibernate.Version [restartedMain] HHH000412: Hibernate ORM core version 5.6.12.Final
2023-04-21 10:39:56,411 INFO org.hibernate.annotations.common.reflection.java.JavaReflectionManager [restartedMain] HCANN000001: Hibernate Commons Annotations {5.1.2.Final}
2023-04-21 10:39:56,612 INFO com.zaxxer.hikari.HikariDataSource [restartedMain] HikariPool-1 - Starting...
2023-04-21 10:39:56,965 INFO com.zaxxer.hikari.HikariDataSource [restartedMain] HikariPool-1 - Start completed.
2023-04-21 10:39:56,995 INFO org.hibernate.dialect.Dialect [restartedMain] HHH000400: Using dialect: org.hibernate.dialect.MySQL8Dialect
2023-04-21 10:39:59,015 INFO org.hibernate.engine.transaction.jta.platform.internal.JtaPlatformInitiator [restartedMain] HHH000490: Using JtaPlatform implementation: [org.hibernate.engine.transaction.jta.platform.internal.NoJtaPlatform]
2023-04-21 10:39:59,028 INFO org.springframework.orm.jpa.AbstractEntityManagerFactoryBean [restartedMain] Initialized JPA EntityManagerFactory for persistence unit 'default'
2023-04-21 10:39:59,719 WARN org.springframework.boot.autoconfigure.orm.jpa.JpaBaseConfiguration$JpaWebConfiguration [restartedMain] spring.jpa.open-in-view is enabled by default. Therefore, database queries may be performed during view rendering. Explicitly configure spring.jpa.open-in-view to disable this warning
2023-04-21 10:40:01,094 INFO org.springframework.boot.actuate.endpoint.web.EndpointLinksResolver [restartedMain] Exposing 1 endpoint(s) beneath base path '/actuator'
2023-04-21 10:40:01,110 INFO org.springframework.security.web.DefaultSecurityFilterChain [restartedMain] Will secure any request with [org.springframework.security.web.context.request.async.WebAsyncManagerIntegrationFilter@4394ac97, org.springframework.security.web.context.SecurityContextPersistenceFilter@30ee7714, org.springframework.security.web.header.HeaderWriterFilter@768e59cf, org.springframework.web.filter.CorsFilter@70e98ec2, org.springframework.security.web.authentication.logout.LogoutFilter@2d912b76, com.tomassamper.apilol.security.JwtRequestFilter@5d3bd2e, org.springframework.security.web.savedrequest.RequestCacheAwareFilter@83c2640, org.springframework.security.web.servletapi.SecurityContextHolderAwareRequestFilter@605e268b, org.springframework.security.web.authentication.AnonymousAuthenticationFilter@255ab5bf, org.springframework.security.web.session.SessionManagementFilter@563003ea, org.springframework.security.web.access.ExceptionTranslationFilter@1ea5821c, org.springframework.security.web.access.intercept.FilterSecurityInterceptor@23995c83]
2023-04-21 10:40:01,703 INFO org.springframework.boot.devtools.autoconfigure.OptionalLiveReloadServer [restartedMain] LiveReload server is running on port 35729
2023-04-21 10:40:01,724 INFO org.apache.juli.logging.DirectJDKLog [restartedMain] Starting ProtocolHandler ["http-nio-8080"]
2023-04-21 10:40:01,753 INFO org.springframework.boot.web.embedded.tomcat.TomcatWebServer [restartedMain] Tomcat started on port(s): 8080 (http) with context path ''
2023-04-21 10:40:01,772 INFO org.springframework.boot.StartupInfoLogger [restartedMain] Started ChampLolApi21Application in 12.975 seconds (JVM running for 15.539)
2023-04-21 11:05:52,909 INFO org.apache.juli.logging.DirectJDKLog [http-nio-8080-exec-1] Initializing Spring DispatcherServlet 'dispatcherServlet'
2023-04-21 11:05:52,910 INFO org.springframework.web.servlet.FrameworkServlet [http-nio-8080-exec-1] Initializing Servlet 'dispatcherServlet'
2023-04-21 11:05:52,911 INFO org.springframework.web.servlet.FrameworkServlet [http-nio-8080-exec-1] Completed initialization in 1 ms
2023-04-21 11:05:52,967 WARN com.tomassamper.apilol.security.JwtRequestFilter [http-nio-8080-exec-2] El token no viene con Bearer delante
2023-04-21 11:05:53,089 INFO com.tomassamper.apilol.controller.UserController [http-nio-8080-exec-2] Inicio sesion
2023-04-21 13:18:49,976 WARN com.tomassamper.apilol.security.JwtRequestFilter [http-nio-8080-exec-2] El token no viene con Bearer delante
2023-04-21 13:18:49,979 INFO com.tomassamper.apilol.controller.UserController [http-nio-8080-exec-2] Inicio sesion
2023-04-21 13:21:26,616 WARN com.tomassamper.apilol.security.JwtRequestFilter [http-nio-8080-exec-9] El token no viene con Bearer delante
2023-04-21 13:21:26,617 INFO com.tomassamper.apilol.controller.UserController [http-nio-8080-exec-9] Inicio sesion
2023-04-21 15:25:34,013 WARN com.tomassamper.apilol.security.JwtRequestFilter [http-nio-8080-exec-5] El token no viene con Bearer delante
2023-04-21 15:25:34,026 WARN com.tomassamper.apilol.security.JwtRequestFilter [http-nio-8080-exec-6] El token no viene con Bearer delante
2023-04-21 15:25:40,180 WARN com.tomassamper.apilol.security.JwtRequestFilter [http-nio-8080-exec-9] El token no viene con Bearer delante
2023-04-21 15:25:40,181 INFO com.tomassamper.apilol.controller.UserController [http-nio-8080-exec-9] Inicio sesion
2023-04-21 20:09:12,398 INFO org.springframework.boot.admin.SpringApplicationAdminMXBeanRegistrar$SpringApplicationAdmin [RMI TCP Connection(574)-127.0.0.1] Application shutdown requested.
2023-04-21 20:09:12,645 INFO org.apache.juli.logging.DirectJDKLog [RMI TCP Connection(574)-127.0.0.1] Pausing ProtocolHandler ["http-nio-8080"]
2023-04-21 20:09:12,648 INFO org.apache.juli.logging.DirectJDKLog [RMI TCP Connection(574)-127.0.0.1] Stopping service [Tomcat]
2023-04-21 20:09:12,666 INFO org.apache.juli.logging.DirectJDKLog [RMI TCP Connection(574)-127.0.0.1] Destroying Spring FrameworkServlet 'dispatcherServlet'
2023-04-21 20:09:12,701 WARN org.apache.juli.logging.DirectJDKLog [RMI TCP Connection(574)-127.0.0.1] The web application [ROOT] appears to have started a thread named [HikariPool-1 housekeeper] but has failed to stop it. This is very likely to create a memory leak. Stack trace of thread:
 java.base@11.0.10/jdk.internal.misc.Unsafe.park(Native Method)
 java.base@11.0.10/java.util.concurrent.locks.LockSupport.parkNanos(LockSupport.java:234)
 java.base@11.0.10/java.util.concurrent.locks.AbstractQueuedSynchronizer$ConditionObject.awaitNanos(AbstractQueuedSynchronizer.java:2123)
 java.base@11.0.10/java.util.concurrent.ScheduledThreadPoolExecutor$DelayedWorkQueue.take(ScheduledThreadPoolExecutor.java:1182)
 java.base@11.0.10/java.util.concurrent.ScheduledThreadPoolExecutor$DelayedWorkQueue.take(ScheduledThreadPoolExecutor.java:899)
 java.base@11.0.10/java.util.concurrent.ThreadPoolExecutor.getTask(ThreadPoolExecutor.java:1054)
 java.base@11.0.10/java.util.concurrent.ThreadPoolExecutor.runWorker(ThreadPoolExecutor.java:1114)
 java.base@11.0.10/java.util.concurrent.ThreadPoolExecutor$Worker.run(ThreadPoolExecutor.java:628)
 java.base@11.0.10/java.lang.Thread.run(Thread.java:834)
2023-04-21 20:09:12,707 INFO org.apache.juli.logging.DirectJDKLog [RMI TCP Connection(574)-127.0.0.1] Stopping ProtocolHandler ["http-nio-8080"]
2023-04-21 20:09:12,714 INFO org.apache.juli.logging.DirectJDKLog [RMI TCP Connection(574)-127.0.0.1] Destroying ProtocolHandler ["http-nio-8080"]
2023-04-21 20:09:12,743 INFO org.springframework.orm.jpa.AbstractEntityManagerFactoryBean [RMI TCP Connection(574)-127.0.0.1] Closing JPA EntityManagerFactory for persistence unit 'default'
2023-04-21 20:09:12,774 INFO com.zaxxer.hikari.HikariDataSource [RMI TCP Connection(574)-127.0.0.1] HikariPool-1 - Shutdown initiated...
2023-04-21 20:09:12,791 INFO com.zaxxer.hikari.HikariDataSource [RMI TCP Connection(574)-127.0.0.1] HikariPool-1 - Shutdown completed.
